<?xml version="1.0" encoding="UTF-8"?>
<!-- Generated by org.testng.reporters.JUnitReportReporter -->
<testsuite hostname="Matiass-MacBook-Pro.local" failures="0" tests="1" name="com.fravega.pom.tests.BackSearchTest" time="5.165" errors="0" timestamp="2020-12-22T18:19:15 ART" skipped="0">
  <testcase classname="com.fravega.pom.tests.BackSearchTest" name="APISearchTest" time="5.165"/>
  <system-out/>
</testsuite> <!-- com.fravega.pom.tests.BackSearchTest -->
