<?xml version="1.0" encoding="UTF-8"?>
<!-- Generated by org.testng.reporters.JUnitReportReporter -->
<testsuite hostname="Matiass-MacBook-Pro.local" failures="0" tests="1" name="com.fravega.testng.SearchTest" time="9.436" errors="0" timestamp="2020-12-20T23:56:08 ART" skipped="0">
  <testcase classname="com.fravega.testng.SearchTest" name="seartchRefrigerator" time="9.436"/>
  <system-out/>
</testsuite> <!-- com.fravega.testng.SearchTest -->
