<?xml version="1.0" encoding="UTF-8"?>
<!-- Generated by org.testng.reporters.JUnitReportReporter -->
<testsuite hostname="Matiass-MacBook-Pro.local" failures="0" tests="1" name="com.fravega.pom.tests.SearchTest" time="12.124" errors="0" timestamp="2020-12-22T18:55:03 ART" skipped="0">
  <testcase classname="com.fravega.pom.tests.SearchTest" name="seartchRefrigerator" time="12.124"/>
  <system-out/>
</testsuite> <!-- com.fravega.pom.tests.SearchTest -->
